
ROM used:   29/8192 (0%)
            29/8192 (0%) including unused fragments

            0.0 Average locations per line
            2.9 Average locations per statement

RAM used:   6/368 (2%) at main() level
            6/368 (2%) worst case

Stack used: 0 worst case (0 in main + 0 for interrupts)
Stack size: 8

Lines Stmts  %   Files
----- ----- ---  -----
   41    10 100  Gestion_de_puertos.c
  708     0   0  ..\..\..\..\..\..\..\Program Files (x86)\PICC\Devices\16f877a.h
----- -----
  749    10 Total

Page ROM  %  RAM    Vol Diff  Functions:
---- --- --- ---    --- ----  ----------
0     25  86    1    154  3.5  main
 Inline         0             @cinit1

Program metrics:
    Functions               1
    Statements              10
    Comments                133
    Volume (V)              156
    Difficulty (D)          3.3
    Effort to implement (E) 507
    Time to implement (T)   0 minutes
    Est Delivered Bugs (B)  0
    Cyclomatic Complexity   1
    Maintainability (MI)    66

 Segment     Used  Free
-----------  ----  ----
00000-00003     4  0  
00004-007FF    25  2019  
00800-00FFF     0  2048  
01000-017FF     0  2048  
01800-01FFF     0  2048  



