
ROM used:   59/4096 (1%)
            59/4096 (1%) including unused fragments

            0.1 Average locations per line
            7.4 Average locations per statement

RAM used:   6/368 (2%) at main() level
            7/368 (2%) worst case

Stack used: 0 worst case (0 in main + 0 for interrupts)
Stack size: 8

Lines Stmts  %   Files
----- ----- ---  -----
   31     8 100  miPrimerProyectoMplab.c
  679     0   0  ..\..\..\..\..\..\..\..\Program Files (x86)\PICC\devices\16f88.h
----- -----
  710     8 Total

Page ROM  %  RAM    Vol Diff  Functions:
---- --- --- ---    --- ----  ----------
0     21  36    1             @delay_ms1
0     34  58    1    130  2.2  main
 Inline         0             @cinit1

Program metrics:
    Functions               1
    Statements              8
    Comments                134
    Volume (V)              134
    Difficulty (D)          1.9
    Effort to implement (E) 256
    Time to implement (T)   0 minutes
    Est Delivered Bugs (B)  0
    Cyclomatic Complexity   1
    Maintainability (MI)    72

 Segment     Used  Free
-----------  ----  ----
00000-00003     4  0  
00004-007FF    55  1989  
00800-00FFF     0  2048  



