CCS PCM C Compiler, Version 5.110P, 62724               21-jun.-23 16:27

               Filename:   C:\Users\El_fi\OneDrive\Escritorio\Electronica\PIC\CCS-PIC16F877A\ProyectoPIC16f877A.lst

               ROM used:   58 words (1%)
                           Largest free fragment is 2048
               RAM used:   6 (2%) at main() level
                           7 (2%) worst case
               Stack used: 0 locations
               Stack size: 8

*
0000:  MOVLW  00
0001:  MOVWF  0A
0002:  GOTO   019
0003:  NOP
.................... //Directivas
.................... 
.................... #include <16f877a.h>
.................... //////////// Standard Header file for the PIC16F877A device ////////////////
.................... ///////////////////////////////////////////////////////////////////////////
.................... ////        (C) Copyright 1996, 2020 Custom Computer Services          ////
.................... //// This source code may only be used by licensed users of the CCS C  ////
.................... //// compiler.  This source code may only be distributed to other      ////
.................... //// licensed users of the CCS C compiler.  No other use, reproduction ////
.................... //// or distribution is permitted without written permission.          ////
.................... //// Derivative programs created using this software in object code    ////
.................... //// form are not restricted in any way.                               ////
.................... ///////////////////////////////////////////////////////////////////////////
.................... #device PIC16F877A
.................... 
.................... #list
.................... 
.................... #fuses xt, nowdt
.................... #use delay(clock=4M)
0004:  MOVLW  22
0005:  MOVWF  04
0006:  BCF    03.7
0007:  MOVF   00,W
0008:  BTFSC  03.2
0009:  GOTO   018
000A:  MOVLW  01
000B:  MOVWF  78
000C:  CLRF   77
000D:  DECFSZ 77,F
000E:  GOTO   00D
000F:  DECFSZ 78,F
0010:  GOTO   00C
0011:  MOVLW  4A
0012:  MOVWF  77
0013:  DECFSZ 77,F
0014:  GOTO   013
0015:  GOTO   016
0016:  DECFSZ 00,F
0017:  GOTO   00A
0018:  RETURN
.................... 
.................... #byte TRISC = 0x87
.................... #byte PORTC = 0x07
.................... //Variables globales
.................... 
.................... 
.................... //Interrupciones
.................... 
.................... 
.................... 
.................... //Programa principal
.................... void main (){
0019:  MOVF   03,W
001A:  ANDLW  1F
001B:  MOVWF  03
001C:  BSF    03.5
001D:  BSF    1F.0
001E:  BSF    1F.1
001F:  BSF    1F.2
0020:  BCF    1F.3
0021:  MOVLW  07
0022:  MOVWF  1C
0023:  BCF    03.7
....................    //Configuración de periféricos
....................    TRISC = 0x00;
0024:  CLRF   07
....................    PORTC = 0x00;
0025:  BCF    03.5
0026:  CLRF   07
....................    
....................    
....................    //Bucle infinito
....................    while(1){
....................    PORTC = 0b00000001;
0027:  MOVLW  01
0028:  MOVWF  07
....................    delay_ms(1000);
0029:  MOVLW  04
002A:  MOVWF  21
002B:  MOVLW  FA
002C:  MOVWF  22
002D:  CALL   004
002E:  DECFSZ 21,F
002F:  GOTO   02B
....................    PORTC = 0b00000000;
0030:  CLRF   07
....................    delay_ms(1000);   
0031:  MOVLW  04
0032:  MOVWF  21
0033:  MOVLW  FA
0034:  MOVWF  22
0035:  CALL   004
0036:  DECFSZ 21,F
0037:  GOTO   033
0038:  GOTO   027
....................    }
.................... }
0039:  SLEEP

Configuration Fuses:
   Word  1: 3F71   XT NOWDT PUT BROWNOUT NOLVP NOCPD NOWRT NODEBUG NOPROTECT
