
ROM used:   63/4096 (2%)
            63/4096 (2%) including unused fragments

            0.1 Average locations per line
            7.9 Average locations per statement

RAM used:   6/368 (2%) at main() level
            7/368 (2%) worst case

Stack used: 0 worst case (0 in main + 0 for interrupts)
Stack size: 8

Lines Stmts  %   Files
----- ----- ---  -----
   31     8 100  miPrimerProyecto.c
  679     0   0  ..\..\..\..\..\..\..\..\Program Files (x86)\PICC\Devices\16f88.h
----- -----
  710     8 Total

Page ROM  %  RAM    Vol Diff  Functions:
---- --- --- ---    --- ----  ----------
0     21  33    1             @delay_ms1
0     38  60    1    130  2.2  main
 Inline         0             @cinit1

Program metrics:
    Functions               1
    Statements              8
    Comments                134
    Volume (V)              134
    Difficulty (D)          1.9
    Effort to implement (E) 256
    Time to implement (T)   0 minutes
    Est Delivered Bugs (B)  0
    Cyclomatic Complexity   1
    Maintainability (MI)    72

 Segment     Used  Free
-----------  ----  ----
00000-00003     4  0  
00004-007FF    59  1985  
00800-00FFF     0  2048  



