
ROM used:   41/4096 (1%)
            41/4096 (1%) including unused fragments

            0.1 Average locations per line
            5.1 Average locations per statement

RAM used:   6/368 (2%) at main() level
            6/368 (2%) worst case

Stack used: 0 worst case (0 in main + 0 for interrupts)
Stack size: 8

Lines Stmts  %   Files
----- ----- ---  -----
   51     8 100  Gestion_de_puertos_#USEXXX_IO.c
  679     0   0  ..\..\..\..\..\..\..\..\Program Files (x86)\PICC\Devices\16f88.h
----- -----
  730     8 Total

Page ROM  %  RAM    Vol Diff  Functions:
---- --- --- ---    --- ----  ----------
0     37  90    1    119  2.9  main
 Inline         0             @cinit1

Program metrics:
    Functions               1
    Statements              8
    Comments                162
    Volume (V)              121
    Difficulty (D)          2.7
    Effort to implement (E) 326
    Time to implement (T)   0 minutes
    Est Delivered Bugs (B)  0
    Cyclomatic Complexity   1
    Maintainability (MI)    150

 Segment     Used  Free
-----------  ----  ----
00000-00003     4  0  
00004-007FF    37  2007  
00800-00FFF     0  2048  



